<?xml version="1.0" encoding="UTF-8"?>
<!-- Generated by org.testng.reporters.JUnitXMLReporter -->
<testsuite ignored="0" hostname="Bhaskar-123" failures="0" tests="5" name="Default test" time="0.086" errors="0" timestamp="2022-11-02T17:54:51 IST">
  <testcase classname="com.actitime.testscript.Customer_Modue" name="createCustomer" time="0.015"/>
  <testcase classname="com.actitime.testscript.Customer_Modue" name="createCustomer" time="0.002"/>
  <testcase classname="com.actitime.testscript.Customer_Modue" name="createCustomer" time="0.003"/>
  <testcase classname="com.actitime.testscript.Customer_Modue" name="modifyCustomer" time="0.002"/>
  <testcase classname="com.actitime.testscript.Customer_Modue" name="deleteCustomer" time="0.007"/>
</testsuite> <!-- Default test -->
