<?xml version="1.0" encoding="UTF-8"?>
<testng-results ignored="0" total="5" passed="5" failed="0" skipped="0">
  <reporter-output>
    <line>
      <![CDATA[Create customer]]>
    </line>
    <line>
      <![CDATA[Create customer]]>
    </line>
    <line>
      <![CDATA[Create customer]]>
    </line>
    <line>
      <![CDATA[Modify customer]]>
    </line>
    <line>
      <![CDATA[Delete customer]]>
    </line>
  </reporter-output>
  <suite started-at="2022-11-02T17:54:51 IST" name="Default suite" finished-at="2022-11-02T17:54:51 IST" duration-ms="86">
    <groups>
    </groups>
    <test started-at="2022-11-02T17:54:51 IST" name="Default test" finished-at="2022-11-02T17:54:51 IST" duration-ms="86">
      <class name="com.actitime.testscript.Customer_Modue">
        <test-method signature="createCustomer()[pri:1, instance:com.actitime.testscript.Customer_Modue@1622f1b]" started-at="2022-11-02T17:54:51 IST" name="createCustomer" finished-at="2022-11-02T17:54:51 IST" duration-ms="15" status="PASS">
          <reporter-output>
            <line>
              <![CDATA[Create customer]]>
            </line>
          </reporter-output>
        </test-method> <!-- createCustomer -->
        <test-method signature="createCustomer()[pri:1, instance:com.actitime.testscript.Customer_Modue@1622f1b]" started-at="2022-11-02T17:54:51 IST" name="createCustomer" finished-at="2022-11-02T17:54:51 IST" duration-ms="2" status="PASS">
          <reporter-output>
            <line>
              <![CDATA[Create customer]]>
            </line>
          </reporter-output>
        </test-method> <!-- createCustomer -->
        <test-method signature="createCustomer()[pri:1, instance:com.actitime.testscript.Customer_Modue@1622f1b]" started-at="2022-11-02T17:54:51 IST" name="createCustomer" finished-at="2022-11-02T17:54:51 IST" duration-ms="3" status="PASS">
          <reporter-output>
            <line>
              <![CDATA[Create customer]]>
            </line>
          </reporter-output>
        </test-method> <!-- createCustomer -->
        <test-method signature="modifyCustomer()[pri:2, instance:com.actitime.testscript.Customer_Modue@1622f1b]" started-at="2022-11-02T17:54:51 IST" name="modifyCustomer" finished-at="2022-11-02T17:54:51 IST" depends-on-methods="com.actitime.testscript.Customer_Modue.createCustomer" duration-ms="2" status="PASS">
          <reporter-output>
            <line>
              <![CDATA[Modify customer]]>
            </line>
          </reporter-output>
        </test-method> <!-- modifyCustomer -->
        <test-method signature="deleteCustomer()[pri:3, instance:com.actitime.testscript.Customer_Modue@1622f1b]" started-at="2022-11-02T17:54:51 IST" name="deleteCustomer" finished-at="2022-11-02T17:54:51 IST" depends-on-methods="com.actitime.testscript.Customer_Modue.modifyCustomer, com.actitime.testscript.Customer_Modue.createCustomer" duration-ms="7" status="PASS">
          <reporter-output>
            <line>
              <![CDATA[Delete customer]]>
            </line>
          </reporter-output>
        </test-method> <!-- deleteCustomer -->
      </class> <!-- com.actitime.testscript.Customer_Modue -->
    </test> <!-- Default test -->
  </suite> <!-- Default suite -->
</testng-results>
